빌드 시작: 2015-06-12 오전 3:46:23
     1>2 노드의 "E:\Documents\GitProjects\MFC_Concentration_Game\Game\Game\Game.vcxproj" 프로젝트(build 대상)입니다.
     1>InitializeBuildStatus:
         "AlwaysCreate"이(가) 지정되었기 때문에 "Debug\Game.unsuccessfulbuild"을(를) 만들고 있습니다.
       ClCompile:
         C:\Program Files (x86)\Microsoft Visual Studio 10.0\VC\bin\CL.exe /c /ZI /nologo /W3 /WX- /Od /Oy- /D WIN32 /D _WINDOWS /D _DEBUG /D _UNICODE /D UNICODE /D _AFXDLL /Gm /EHsc /RTC1 /MDd /GS /fp:precise /Zc:wchar_t /Zc:forScope /Yc"StdAfx.h" /Fp"Debug\Game.pch" /Fo"Debug\\" /Fd"Debug\vc100.pdb" /Gd /TP /analyze- /errorReport:prompt stdafx.cpp
         stdafx.cpp
         C:\Program Files (x86)\Microsoft Visual Studio 10.0\VC\bin\CL.exe /c /ZI /nologo /W3 /WX- /Od /Oy- /D WIN32 /D _WINDOWS /D _DEBUG /D _UNICODE /D UNICODE /D _AFXDLL /Gm /EHsc /RTC1 /MDd /GS /fp:precise /Zc:wchar_t /Zc:forScope /Yu"StdAfx.h" /Fp"Debug\Game.pch" /Fo"Debug\\" /Fd"Debug\vc100.pdb" /Gd /TP /analyze- /errorReport:prompt Game.cpp GameDoc.cpp GameView.cpp MainFrm.cpp
         MainFrm.cpp
         GameView.cpp
         GameDoc.cpp
         Game.cpp
         코드를 생성하고 있습니다...
       ResourceCompile:
         모든 출력이 최신 상태입니다.
         C:\Program Files (x86)\Microsoft SDKs\Windows\v7.0A\bin\rc.exe /D _DEBUG /D _UNICODE /D UNICODE /D _AFXDLL /l"0x0412" /IDebug\ /nologo /fo"Debug\Game.res" Game.rc 
       ManifestResourceCompile:
         모든 출력이 최신 상태입니다.
         C:\Program Files (x86)\Microsoft SDKs\Windows\v7.0A\bin\rc.exe /nologo /fo"Debug\Game.exe.embed.manifest.res" Debug\Game_manifest.rc 
       Link:
         C:\Program Files (x86)\Microsoft Visual Studio 10.0\VC\bin\link.exe /ERRORREPORT:PROMPT /OUT:"E:\Documents\GitProjects\MFC_Concentration_Game\Game\Debug\Game.exe" /INCREMENTAL /NOLOGO /MANIFEST /ManifestFile:"Debug\Game.exe.intermediate.manifest" /MANIFESTUAC:"level='asInvoker' uiAccess='false'" /DEBUG /PDB:"E:\Documents\GitProjects\MFC_Concentration_Game\Game\Debug\Game.pdb" /SUBSYSTEM:WINDOWS /TLBID:1 /ENTRY:"wWinMainCRTStartup" /DYNAMICBASE /NXCOMPAT /IMPLIB:"E:\Documents\GitProjects\MFC_Concentration_Game\Game\Debug\Game.lib" /MACHINE:X86 Debug\Game.res
         Debug\Game.exe.embed.manifest.res
         Debug\Game.obj
         Debug\GameDoc.obj
         Debug\GameView.obj
         Debug\MainFrm.obj
         Debug\stdafx.obj
       Manifest:
         C:\Program Files (x86)\Microsoft SDKs\Windows\v7.0A\bin\mt.exe /nologo /verbose /out:"Debug\Game.exe.embed.manifest" /manifest Debug\Game.exe.intermediate.manifest "C:\Program Files (x86)\Microsoft Visual Studio 10.0\VC\Include\Manifest\dpiaware.manifest"
         모든 출력이 최신 상태입니다.
       LinkEmbedManifest:
         모든 출력이 최신 상태입니다.
         Game.vcxproj -> E:\Documents\GitProjects\MFC_Concentration_Game\Game\Debug\Game.exe
       FinalizeBuildStatus:
         "Debug\Game.unsuccessfulbuild" 파일을 삭제하고 있습니다.
         "Debug\Game.lastbuildstate"에 연결(touching)하고 있습니다.
     1>"E:\Documents\GitProjects\MFC_Concentration_Game\Game\Game\Game.vcxproj" 프로젝트를 빌드했습니다(build 대상).

빌드했습니다.

경과 시간: 00:00:02.64
