빌드 시작: 2015-06-12 오전 3:45:12
     1>2 노드의 "E:\Documents\Visual Studio 2010\Projects\MFC_Project\과제\Game\Game\Game.vcxproj" 프로젝트(build 대상)입니다.
     1>InitializeBuildStatus:
         "AlwaysCreate"이(가) 지정되었기 때문에 "Debug\Game.unsuccessfulbuild"을(를) 만들고 있습니다.
       ClCompile:
         모든 출력이 최신 상태입니다.
         모든 출력이 최신 상태입니다.
       ResourceCompile:
         모든 출력이 최신 상태입니다.
       ManifestResourceCompile:
         모든 출력이 최신 상태입니다.
       Link:
         모든 출력이 최신 상태입니다.
       Manifest:
         C:\Program Files (x86)\Microsoft SDKs\Windows\v7.0A\bin\mt.exe /nologo /verbose /out:"Debug\Game.exe.embed.manifest" /manifest Debug\Game.exe.intermediate.manifest "C:\Program Files (x86)\Microsoft Visual Studio 10.0\VC\Include\Manifest\dpiaware.manifest"
         모든 출력이 최신 상태입니다.
       FinalizeBuildStatus:
         "Debug\Game.unsuccessfulbuild" 파일을 삭제하고 있습니다.
         "Debug\Game.lastbuildstate"에 연결(touching)하고 있습니다.
     1>"E:\Documents\Visual Studio 2010\Projects\MFC_Project\과제\Game\Game\Game.vcxproj" 프로젝트를 빌드했습니다(build 대상).

빌드했습니다.

경과 시간: 00:00:00.11
